<?xml version="1.0" encoding="UTF-8"?>
<!-- Generated by org.testng.reporters.JUnitXMLReporter -->
<testsuite ignored="0" hostname="ABINESS-JR" failures="1" tests="6" name="Test Chrome" time="217.404" errors="0" timestamp="2022-12-09T16:06:36 IST">
  <testcase classname="com.qa.testscripts.AmazonSearch" name="getTest" time="45.039"/>
  <testcase classname="com.qa.testscripts.AmazonSearch" name="getTest" time="26.449"/>
  <testcase classname="com.qa.testscripts.AmazonSearch" name="getTest" time="30.154"/>
  <testcase classname="com.qa.testscripts.AmazonSearch" name="getTest" time="23.519"/>
  <testcase classname="com.qa.testscripts.AmazonSearch" name="getTest" time="22.512"/>
  <testcase classname="com.qa.testscripts.AmazonSearch" name="getTest" time="9.186">
    <failure type="org.openqa.selenium.NoSuchElementException" message="Cannot locate element with text: Pen 
For documentation on this error, please visit: https://www.seleniumhq.org/exceptions/no_such_element.html
Build info: version: &amp;apos;3.141.59&amp;apos;, revision: &amp;apos;e82be7d358&amp;apos;, time: &amp;apos;2018-11-14T08:17:03&amp;apos;
System info: host: &amp;apos;ABINESS-JR&amp;apos;, ip: &amp;apos;192.168.137.216&amp;apos;, os.name: &amp;apos;Windows 10&amp;apos;, os.arch: &amp;apos;amd64&amp;apos;, os.version: &amp;apos;10.0&amp;apos;, java.version: &amp;apos;17.0.4.1&amp;apos;
Driver info: driver.version: unknown">
      <![CDATA[org.openqa.selenium.NoSuchElementException: Cannot locate element with text: Pen 
For documentation on this error, please visit: https://www.seleniumhq.org/exceptions/no_such_element.html
Build info: version: '3.141.59', revision: 'e82be7d358', time: '2018-11-14T08:17:03'
System info: host: 'ABINESS-JR', ip: '192.168.137.216', os.name: 'Windows 10', os.arch: 'amd64', os.version: '10.0', java.version: '17.0.4.1'
Driver info: driver.version: unknown
at org.openqa.selenium.support.ui.Select.selectByVisibleText(Select.java:147)
at com.qa.testscripts.AmazonSearch.getTest(AmazonSearch.java:49)
at java.base/java.util.ArrayList.forEach(ArrayList.java:1511)
... Removed 27 stack frames]]>
    </failure>
  </testcase> <!-- getTest -->
</testsuite> <!-- Test Chrome -->
